-------------------------------------------------------------------------------
Test set: com.example.project.Area1Tests
-------------------------------------------------------------------------------
Tests run: 5, Failures: 2, Errors: 0, Skipped: 0, Time elapsed: 0.06 s <<< FAILURE! - in com.example.project.Area1Tests
Area1Test1  Time elapsed: 0.016 s  <<< FAILURE!
org.opentest4j.AssertionFailedError: Phone turned off
	at com.example.project.Area1Tests.Area1Test1(Area1Tests.java:28)

Area1Test4[1]  Time elapsed: 0 s  <<< FAILURE!
org.opentest4j.AssertionFailedError: Phone turned off
	at com.example.project.Area1Tests.Area1Test4(Area1Tests.java:45)

